<?xml version="1.0" encoding="UTF-8"?>
<!-- Generated by org.testng.reporters.JUnitReportReporter -->
<testsuite skipped="0" hostname="king-PC" name="concept_of_Testng.Exception_in_TestNg" tests="2" failures="0" timestamp="02 Mar 2020 15:51:14 GMT" time="0.025" errors="0">
  <testcase name="m2" time="0.004" classname="concept_of_Testng.Exception_in_TestNg"/>
  <testcase name="m1" time="0.021" classname="concept_of_Testng.Exception_in_TestNg"/>
</testsuite> <!-- concept_of_Testng.Exception_in_TestNg -->
