<?xml version="1.0" encoding="UTF-8"?>
<!-- Generated by org.testng.reporters.JUnitReportReporter -->
<testsuite skipped="0" hostname="king-PC" name="grouping_in_Testng.TestCase2" tests="1" failures="0" timestamp="22 Nov 2019 17:32:35 GMT" time="0.003" errors="0">
  <testcase name="loginTest" time="0.003" classname="grouping_in_Testng.TestCase2"/>
</testsuite> <!-- grouping_in_Testng.TestCase2 -->
