<?xml version="1.0" encoding="UTF-8"?>
<!-- Generated by org.testng.reporters.JUnitReportReporter -->
<testsuite skipped="0" hostname="SIPL-39" name="concept_of_Testng.Parameter_through_testngxml_file" tests="1" failures="0" timestamp="10 Jun 2019 16:48:00 GMT" time="0.018" errors="0">
  <testcase name="gettingdata" time="0.018" classname="concept_of_Testng.Parameter_through_testngxml_file"/>
</testsuite> <!-- concept_of_Testng.Parameter_through_testngxml_file -->
