<?xml version="1.0" encoding="UTF-8"?>
<!-- Generated by org.testng.reporters.JUnitReportReporter -->
<testsuite skipped="0" hostname="king-PC" name="parallel_testng.Parallel_example" tests="2" failures="0" timestamp="02 Mar 2020 16:41:30 GMT" time="32.040" errors="0">
  <testcase name="Secondmethod" time="21.878" classname="parallel_testng.Parallel_example"/>
  <testcase name="firstmethod" time="10.162" classname="parallel_testng.Parallel_example"/>
</testsuite> <!-- parallel_testng.Parallel_example -->
