<?xml version="1.0" encoding="UTF-8"?>
<!-- Generated by org.testng.reporters.JUnitReportReporter -->
<testsuite skipped="0" hostname="king-PC" name="ConceptOfBeforeclassAndTest.Class2" tests="3" failures="0" timestamp="16 Mar 2022 06:00:41 GMT" time="0.010" errors="0">
  <testcase name="method2" time="0.005" classname="ConceptOfBeforeclassAndTest.Class2"/>
  <testcase name="method3" time="0.005" classname="ConceptOfBeforeclassAndTest.Class2"/>
  <testcase name="method1" time="0.000" classname="ConceptOfBeforeclassAndTest.Class2"/>
</testsuite> <!-- ConceptOfBeforeclassAndTest.Class2 -->
