<?xml version="1.0" encoding="UTF-8"?>
<!-- Generated by org.testng.reporters.JUnitReportReporter -->
<testsuite skipped="0" hostname="king-PC" name="concept_of_Testng.Conceptofdependonmethods" tests="2" failures="0" timestamp="01 Jan 2020 14:59:21 GMT" time="0.025" errors="0">
  <testcase name="m2" time="0.020" classname="concept_of_Testng.Conceptofdependonmethods"/>
  <testcase name="m1" time="0.005" classname="concept_of_Testng.Conceptofdependonmethods"/>
</testsuite> <!-- concept_of_Testng.Conceptofdependonmethods -->
