<?xml version="1.0" encoding="UTF-8"?>
<!-- Generated by org.testng.reporters.JUnitReportReporter -->
<testsuite skipped="1" hostname="king-PC" name="skipping_ignoring_disabled_testcase.Example2" tests="2" failures="0" timestamp="02 Mar 2020 16:59:17 GMT" time="0.018" errors="0">
  <testcase name="m2" time="0.003" classname="skipping_ignoring_disabled_testcase.Example2">
    <skipped/>
  </testcase> <!-- m2 -->
  <testcase name="m1" time="0.015" classname="skipping_ignoring_disabled_testcase.Example2"/>
</testsuite> <!-- skipping_ignoring_disabled_testcase.Example2 -->
