<?xml version="1.0" encoding="UTF-8"?>
<!-- Generated by org.testng.reporters.JUnitReportReporter -->
<testsuite hostname="DESKTOP-4QAPIM6" failures="0" tests="1" name="ConceptofAssert.ConceptSoftAssert" time="0.016" errors="0" timestamp="2023-10-23T12:09:52 IST" skipped="0">
  <testcase classname="ConceptofAssert.ConceptSoftAssert" name="m1" time="0.016"/>
  <system-out/>
</testsuite> <!-- ConceptofAssert.ConceptSoftAssert -->
