<?xml version="1.0" encoding="UTF-8"?>
<!-- Generated by org.testng.reporters.JUnitReportReporter -->
<testsuite skipped="0" hostname="SIPL-39" name="concept_of_Testng.Execution_Sequence" tests="2" failures="0" timestamp="09 Jun 2019 16:29:07 GMT" time="0.016" errors="0">
  <testcase name="testCase1" time="0.011" classname="concept_of_Testng.Execution_Sequence"/>
  <testcase name="testCase2" time="0.005" classname="concept_of_Testng.Execution_Sequence"/>
</testsuite> <!-- concept_of_Testng.Execution_Sequence -->
