<?xml version="1.0" encoding="UTF-8"?>
<!-- Generated by org.testng.reporters.JUnitReportReporter -->
<testsuite skipped="0" hostname="king-PC" name="reading_properties_excel.Reading_PropertiesFile" tests="1" failures="0" timestamp="21 Dec 2019 14:04:59 GMT" time="0.014" errors="0">
  <testcase name="ReadingPropertiesFile" time="0.014" classname="reading_properties_excel.Reading_PropertiesFile"/>
</testsuite> <!-- reading_properties_excel.Reading_PropertiesFile -->
