<?xml version="1.0" encoding="UTF-8"?>
<!-- Generated by org.testng.reporters.JUnitReportReporter -->
<testsuite skipped="0" hostname="king-PC" name="skipping_ignoring_disabled_testcase.Example1" tests="1" failures="0" timestamp="22 Nov 2019 17:50:36 GMT" time="0.017" errors="0">
  <testcase name="m1" time="0.017" classname="skipping_ignoring_disabled_testcase.Example1"/>
</testsuite> <!-- skipping_ignoring_disabled_testcase.Example1 -->
