<?xml version="1.0" encoding="UTF-8"?>
<!-- Generated by org.testng.reporters.JUnitReportReporter -->
<testsuite skipped="0" hostname="king-PC" name="grouping_in_Testng.TestCase1" tests="1" failures="0" timestamp="22 Nov 2019 17:32:35 GMT" time="0.020" errors="0">
  <testcase name="composeMail" time="0.020" classname="grouping_in_Testng.TestCase1"/>
</testsuite> <!-- grouping_in_Testng.TestCase1 -->
