<?xml version="1.0" encoding="UTF-8"?>
<!-- Generated by org.testng.reporters.JUnitReportReporter -->
<testsuite skipped="0" hostname="king-PC" name="concept_of_Testng.Practise" tests="2" failures="0" timestamp="16 Mar 2022 10:16:21 GMT" time="0.030" errors="0">
  <testcase name="m2" time="0.030" classname="concept_of_Testng.Practise"/>
  <testcase name="m1" time="0.000" classname="concept_of_Testng.Practise"/>
</testsuite> <!-- concept_of_Testng.Practise -->
