<?xml version="1.0" encoding="UTF-8"?>
<!-- Generated by org.testng.reporters.JUnitReportReporter -->
<testsuite skipped="0" hostname="SIPL-39" name="excluding_example.Exclude" tests="1" failures="0" timestamp="10 Jun 2019 17:26:46 GMT" time="0.012" errors="0">
  <testcase name="m1" time="0.012" classname="excluding_example.Exclude"/>
</testsuite> <!-- excluding_example.Exclude -->
