<?xml version="1.0" encoding="UTF-8"?>
<!-- Generated by org.testng.reporters.JUnitReportReporter -->
<testsuite skipped="0" hostname="SIPL-39" name="testng_Invocation_count_threadpoolsize.Thread_poolSize" tests="1" failures="0" timestamp="11 Jun 2019 14:24:15 GMT" time="0.105" errors="0">
  <testcase name="threadpoolsize" time="0.105" classname="testng_Invocation_count_threadpoolsize.Thread_poolSize"/>
</testsuite> <!-- testng_Invocation_count_threadpoolsize.Thread_poolSize -->
