<?xml version="1.0" encoding="UTF-8"?>
<!-- Generated by org.testng.reporters.JUnitReportReporter -->
<testsuite skipped="0" hostname="king-PC" name="concept_of_Testng.ConceptofAssert" tests="2" failures="0" timestamp="19 Aug 2021 05:27:38 GMT" time="0.026" errors="0">
  <testcase name="m1" time="0.021" classname="concept_of_Testng.ConceptofAssert"/>
  <testcase name="m2" time="0.005" classname="concept_of_Testng.ConceptofAssert"/>
</testsuite> <!-- concept_of_Testng.ConceptofAssert -->
