<?xml version="1.0" encoding="UTF-8"?>
<!-- Generated by org.testng.reporters.JUnitReportReporter -->
<testsuite skipped="0" hostname="SIPL-39" name="testng_Invocation_count_threadpoolsize.Invocation_Count" tests="12" failures="0" timestamp="11 Jun 2019 14:13:53 GMT" time="0.032" errors="0">
  <testcase name="m2" time="0.001" classname="testng_Invocation_count_threadpoolsize.Invocation_Count"/>
  <testcase name="m1" time="0.013" classname="testng_Invocation_count_threadpoolsize.Invocation_Count"/>
  <testcase name="m1" time="0.000" classname="testng_Invocation_count_threadpoolsize.Invocation_Count"/>
  <testcase name="m1" time="0.002" classname="testng_Invocation_count_threadpoolsize.Invocation_Count"/>
  <testcase name="m1" time="0.000" classname="testng_Invocation_count_threadpoolsize.Invocation_Count"/>
  <testcase name="m2" time="0.001" classname="testng_Invocation_count_threadpoolsize.Invocation_Count"/>
  <testcase name="m1" time="0.003" classname="testng_Invocation_count_threadpoolsize.Invocation_Count"/>
  <testcase name="m1" time="0.002" classname="testng_Invocation_count_threadpoolsize.Invocation_Count"/>
  <testcase name="m1" time="0.000" classname="testng_Invocation_count_threadpoolsize.Invocation_Count"/>
  <testcase name="m1" time="0.009" classname="testng_Invocation_count_threadpoolsize.Invocation_Count"/>
  <testcase name="m1" time="0.000" classname="testng_Invocation_count_threadpoolsize.Invocation_Count"/>
  <testcase name="m1" time="0.001" classname="testng_Invocation_count_threadpoolsize.Invocation_Count"/>
</testsuite> <!-- testng_Invocation_count_threadpoolsize.Invocation_Count -->
